2025-07-20 21:07:50,573 - INFO - remedylab - Starting app: initializing database and application...
2025-07-20 21:07:50,580 - INFO - remedylab - Database initialized and app setup complete.
2025-07-20 21:07:50,589 - INFO - remedylab - User not logged in. Routing to public page: home
2025-07-20 21:08:17,726 - INFO - remedylab - Starting app: initializing database and application...
2025-07-20 21:08:17,730 - INFO - remedylab - Database initialized and app setup complete.
2025-07-20 21:08:17,731 - INFO - remedylab - User not logged in. Routing to public page: home
2025-07-20 21:08:17,857 - INFO - remedylab - Starting app: initializing database and application...
2025-07-20 21:08:17,866 - INFO - remedylab - Database initialized and app setup complete.
2025-07-20 21:08:17,867 - INFO - remedylab - User not logged in. Routing to public page: login
2025-07-20 21:08:23,012 - INFO - remedylab - Starting app: initializing database and application...
2025-07-20 21:08:23,015 - INFO - remedylab - Database initialized and app setup complete.
2025-07-20 21:08:23,015 - INFO - remedylab - User not logged in. Routing to public page: login
2025-07-20 21:08:30,346 - INFO - remedylab - Starting app: initializing database and application...
2025-07-20 21:08:30,351 - INFO - remedylab - Database initialized and app setup complete.
2025-07-20 21:08:30,351 - INFO - remedylab - User not logged in. Routing to public page: login
2025-07-20 21:08:30,483 - INFO - remedylab - Starting app: initializing database and application...
2025-07-20 21:08:30,485 - INFO - remedylab - Database initialized and app setup complete.
2025-07-20 21:08:30,486 - INFO - remedylab - User not logged in. Routing to public page: login
2025-07-20 21:08:31,264 - INFO - remedylab - Starting app: initializing database and application...
2025-07-20 21:08:31,266 - INFO - remedylab - Database initialized and app setup complete.
2025-07-20 21:08:31,266 - INFO - remedylab - User logged in as patient, routing to page: patient_dashboard
2025-07-20 21:08:42,767 - INFO - remedylab - Starting app: initializing database and application...
2025-07-20 21:08:42,771 - INFO - remedylab - Database initialized and app setup complete.
2025-07-20 21:08:42,771 - INFO - remedylab - User logged in as patient, routing to page: patient_dashboard
2025-07-20 21:08:42,857 - INFO - remedylab - Starting app: initializing database and application...
2025-07-20 21:08:42,860 - INFO - remedylab - Database initialized and app setup complete.
2025-07-20 21:08:42,860 - INFO - remedylab - User not logged in. Routing to public page: login
2025-07-20 21:08:45,028 - INFO - remedylab - Starting app: initializing database and application...
2025-07-20 21:08:45,030 - INFO - remedylab - Database initialized and app setup complete.
2025-07-20 21:08:45,031 - INFO - remedylab - User not logged in. Routing to public page: login
2025-07-20 21:08:45,123 - INFO - remedylab - Starting app: initializing database and application...
2025-07-20 21:08:45,129 - INFO - remedylab - Database initialized and app setup complete.
2025-07-20 21:08:45,129 - INFO - remedylab - User not logged in. Routing to public page: home
2025-07-20 21:09:30,866 - INFO - remedylab - Starting app: initializing database and application...
2025-07-20 21:09:30,870 - INFO - remedylab - Database initialized and app setup complete.
2025-07-20 21:09:30,871 - INFO - remedylab - User not logged in. Routing to public page: home
2025-07-20 21:09:30,974 - INFO - remedylab - Starting app: initializing database and application...
2025-07-20 21:09:30,984 - INFO - remedylab - Database initialized and app setup complete.
2025-07-20 21:09:30,985 - INFO - remedylab - User not logged in. Routing to public page: login
2025-07-20 21:09:40,740 - INFO - remedylab - Starting app: initializing database and application...
2025-07-20 21:09:40,744 - INFO - remedylab - Database initialized and app setup complete.
2025-07-20 21:09:40,744 - INFO - remedylab - User not logged in. Routing to public page: login
2025-07-20 21:09:45,859 - INFO - remedylab - Starting app: initializing database and application...
2025-07-20 21:09:45,864 - INFO - remedylab - Database initialized and app setup complete.
2025-07-20 21:09:45,864 - INFO - remedylab - User not logged in. Routing to public page: login
2025-07-20 21:09:45,984 - INFO - remedylab - Starting app: initializing database and application...
2025-07-20 21:09:45,988 - INFO - remedylab - Database initialized and app setup complete.
2025-07-20 21:09:45,988 - INFO - remedylab - User not logged in. Routing to public page: login
2025-07-20 21:09:46,752 - INFO - remedylab - Starting app: initializing database and application...
2025-07-20 21:09:46,755 - INFO - remedylab - Database initialized and app setup complete.
2025-07-20 21:09:46,756 - INFO - remedylab - User logged in as patient, routing to page: patient_dashboard
2025-07-20 21:18:53,143 - INFO - remedylab - Starting app: initializing database and application...
2025-07-20 21:18:53,156 - INFO - remedylab - Database initialized and app setup complete.
2025-07-20 21:18:53,168 - INFO - remedylab - User not logged in. Routing to public page: home
2025-07-20 21:29:11,653 - INFO - remedylab - Starting app: initializing database and application...
2025-07-20 21:29:11,661 - INFO - remedylab - Database initialized and app setup complete.
2025-07-20 21:29:11,666 - INFO - remedylab - User not logged in. Routing to public page: home
2025-07-20 21:29:31,128 - INFO - remedylab - Starting app: initializing database and application...
2025-07-20 21:29:31,132 - INFO - remedylab - Database initialized and app setup complete.
2025-07-20 21:29:31,133 - INFO - remedylab - User not logged in. Routing to public page: home
2025-07-20 21:29:31,238 - INFO - remedylab - Starting app: initializing database and application...
2025-07-20 21:29:31,243 - INFO - remedylab - Database initialized and app setup complete.
2025-07-20 21:29:31,243 - INFO - remedylab - User not logged in. Routing to public page: login
2025-07-20 21:29:41,775 - INFO - remedylab - Starting app: initializing database and application...
2025-07-20 21:29:41,779 - INFO - remedylab - Database initialized and app setup complete.
2025-07-20 21:29:41,780 - INFO - remedylab - User not logged in. Routing to public page: login
2025-07-20 21:29:41,874 - INFO - remedylab - Starting app: initializing database and application...
2025-07-20 21:29:41,878 - INFO - remedylab - Database initialized and app setup complete.
2025-07-20 21:29:41,879 - INFO - remedylab - User not logged in. Routing to public page: signup
2025-07-20 21:29:45,813 - INFO - remedylab - Starting app: initializing database and application...
2025-07-20 21:29:45,818 - INFO - remedylab - Database initialized and app setup complete.
2025-07-20 21:29:45,818 - INFO - remedylab - User not logged in. Routing to public page: signup
2025-07-20 21:29:45,910 - INFO - remedylab - Starting app: initializing database and application...
2025-07-20 21:29:45,913 - INFO - remedylab - Database initialized and app setup complete.
2025-07-20 21:29:45,913 - INFO - remedylab - User not logged in. Routing to public page: login
2025-07-20 21:29:47,380 - INFO - remedylab - Starting app: initializing database and application...
2025-07-20 21:29:47,385 - INFO - remedylab - Database initialized and app setup complete.
2025-07-20 21:29:47,386 - INFO - remedylab - User not logged in. Routing to public page: login
2025-07-20 21:29:47,477 - INFO - remedylab - Starting app: initializing database and application...
2025-07-20 21:29:47,481 - INFO - remedylab - Database initialized and app setup complete.
2025-07-20 21:29:47,481 - INFO - remedylab - User not logged in. Routing to public page: home
2025-07-20 21:29:52,808 - INFO - remedylab - Starting app: initializing database and application...
2025-07-20 21:29:52,813 - INFO - remedylab - Database initialized and app setup complete.
2025-07-20 21:29:52,814 - INFO - remedylab - User not logged in. Routing to public page: home
2025-07-20 21:29:52,934 - INFO - remedylab - Starting app: initializing database and application...
2025-07-20 21:29:52,936 - INFO - remedylab - Database initialized and app setup complete.
2025-07-20 21:29:52,936 - INFO - remedylab - User not logged in. Routing to public page: signup
2025-07-20 21:29:56,505 - INFO - remedylab - Starting app: initializing database and application...
2025-07-20 21:29:56,509 - INFO - remedylab - Database initialized and app setup complete.
2025-07-20 21:29:56,509 - INFO - remedylab - User not logged in. Routing to public page: signup
2025-07-20 21:29:56,605 - INFO - remedylab - Starting app: initializing database and application...
2025-07-20 21:29:56,608 - INFO - remedylab - Database initialized and app setup complete.
2025-07-20 21:29:56,608 - INFO - remedylab - User not logged in. Routing to public page: login
2025-07-20 21:29:59,814 - INFO - remedylab - Starting app: initializing database and application...
2025-07-20 21:29:59,818 - INFO - remedylab - Database initialized and app setup complete.
2025-07-20 21:29:59,818 - INFO - remedylab - User not logged in. Routing to public page: login
2025-07-20 21:29:59,932 - INFO - remedylab - Starting app: initializing database and application...
2025-07-20 21:29:59,937 - INFO - remedylab - Database initialized and app setup complete.
2025-07-20 21:29:59,937 - INFO - remedylab - User not logged in. Routing to public page: home
2025-07-20 21:31:52,888 - INFO - remedylab - Starting app: initializing database and application...
2025-07-20 21:31:52,893 - INFO - remedylab - Database initialized and app setup complete.
2025-07-20 21:31:52,898 - INFO - remedylab - User not logged in. Routing to public page: home
2025-07-20 21:31:56,826 - INFO - remedylab - Starting app: initializing database and application...
2025-07-20 21:31:56,829 - INFO - remedylab - Database initialized and app setup complete.
2025-07-20 21:31:56,830 - INFO - remedylab - User not logged in. Routing to public page: home
2025-07-20 21:31:56,914 - INFO - remedylab - Starting app: initializing database and application...
2025-07-20 21:31:56,919 - INFO - remedylab - Database initialized and app setup complete.
2025-07-20 21:31:56,919 - INFO - remedylab - User not logged in. Routing to public page: login
2025-07-20 21:33:00,730 - INFO - remedylab - Starting app: initializing database and application...
2025-07-20 21:33:00,733 - INFO - remedylab - Database initialized and app setup complete.
2025-07-20 21:33:00,734 - INFO - remedylab - User not logged in. Routing to public page: login
2025-07-20 21:33:08,626 - INFO - remedylab - Starting app: initializing database and application...
2025-07-20 21:33:08,629 - INFO - remedylab - Database initialized and app setup complete.
2025-07-20 21:33:08,630 - INFO - remedylab - User not logged in. Routing to public page: login
2025-07-20 21:33:13,038 - INFO - remedylab - Starting app: initializing database and application...
2025-07-20 21:33:13,042 - INFO - remedylab - Database initialized and app setup complete.
2025-07-20 21:33:13,042 - INFO - remedylab - User not logged in. Routing to public page: login
2025-07-20 21:33:13,147 - INFO - remedylab - Starting app: initializing database and application...
2025-07-20 21:33:13,150 - INFO - remedylab - Database initialized and app setup complete.
2025-07-20 21:33:13,150 - INFO - remedylab - User not logged in. Routing to public page: home
2025-07-20 21:33:18,831 - INFO - remedylab - Starting app: initializing database and application...
2025-07-20 21:33:18,834 - INFO - remedylab - Database initialized and app setup complete.
2025-07-20 21:33:18,835 - INFO - remedylab - User not logged in. Routing to public page: home
2025-07-20 21:33:18,926 - INFO - remedylab - Starting app: initializing database and application...
2025-07-20 21:33:18,930 - INFO - remedylab - Database initialized and app setup complete.
2025-07-20 21:33:18,930 - INFO - remedylab - User not logged in. Routing to public page: login
2025-07-20 21:34:19,130 - INFO - remedylab - Starting app: initializing database and application...
2025-07-20 21:34:19,141 - INFO - remedylab - Database initialized and app setup complete.
2025-07-20 21:34:19,156 - INFO - remedylab - User not logged in. Routing to public page: home
2025-07-20 21:34:22,709 - INFO - remedylab - Starting app: initializing database and application...
2025-07-20 21:34:22,712 - INFO - remedylab - Database initialized and app setup complete.
2025-07-20 21:34:22,712 - INFO - remedylab - User not logged in. Routing to public page: home
2025-07-20 21:34:22,793 - INFO - remedylab - Starting app: initializing database and application...
2025-07-20 21:34:22,796 - INFO - remedylab - Database initialized and app setup complete.
2025-07-20 21:34:22,796 - INFO - remedylab - User not logged in. Routing to public page: login
2025-07-20 21:35:35,979 - INFO - remedylab - Starting app: initializing database and application...
2025-07-20 21:35:35,985 - INFO - remedylab - Database initialized and app setup complete.
2025-07-20 21:35:35,990 - INFO - remedylab - User not logged in. Routing to public page: home
2025-07-20 21:35:38,826 - INFO - remedylab - Starting app: initializing database and application...
2025-07-20 21:35:38,829 - INFO - remedylab - Database initialized and app setup complete.
2025-07-20 21:35:38,830 - INFO - remedylab - User not logged in. Routing to public page: home
2025-07-20 21:35:38,911 - INFO - remedylab - Starting app: initializing database and application...
2025-07-20 21:35:38,915 - INFO - remedylab - Database initialized and app setup complete.
2025-07-20 21:35:38,915 - INFO - remedylab - User not logged in. Routing to public page: login
2025-07-20 21:35:55,312 - INFO - remedylab - Starting app: initializing database and application...
2025-07-20 21:35:55,316 - INFO - remedylab - Database initialized and app setup complete.
2025-07-20 21:35:55,317 - INFO - remedylab - User not logged in. Routing to public page: login
2025-07-20 21:35:59,991 - INFO - remedylab - Starting app: initializing database and application...
2025-07-20 21:35:59,993 - INFO - remedylab - Database initialized and app setup complete.
2025-07-20 21:35:59,994 - INFO - remedylab - User not logged in. Routing to public page: login
2025-07-20 21:36:02,001 - INFO - remedylab - Starting app: initializing database and application...
2025-07-20 21:36:02,005 - INFO - remedylab - Database initialized and app setup complete.
2025-07-20 21:36:02,005 - INFO - remedylab - User not logged in. Routing to public page: login
2025-07-20 21:36:02,656 - INFO - remedylab - Starting app: initializing database and application...
2025-07-20 21:36:02,659 - INFO - remedylab - Database initialized and app setup complete.
2025-07-20 21:36:02,660 - INFO - remedylab - User logged in as patient, routing to page: patient_dashboard
2025-07-20 21:36:07,014 - INFO - remedylab - Starting app: initializing database and application...
2025-07-20 21:36:07,017 - INFO - remedylab - Database initialized and app setup complete.
2025-07-20 21:36:07,017 - INFO - remedylab - User logged in as patient, routing to page: patient_dashboard
2025-07-20 21:36:07,102 - INFO - remedylab - Starting app: initializing database and application...
2025-07-20 21:36:07,105 - INFO - remedylab - Database initialized and app setup complete.
2025-07-20 21:36:07,105 - INFO - remedylab - User not logged in. Routing to public page: login
2025-07-20 21:36:31,978 - INFO - remedylab - Starting app: initializing database and application...
2025-07-20 21:36:31,981 - INFO - remedylab - Database initialized and app setup complete.
2025-07-20 21:36:31,981 - INFO - remedylab - User not logged in. Routing to public page: login
2025-07-20 21:36:33,102 - INFO - remedylab - Starting app: initializing database and application...
2025-07-20 21:36:33,105 - INFO - remedylab - Database initialized and app setup complete.
2025-07-20 21:36:33,105 - INFO - remedylab - User not logged in. Routing to public page: login
2025-07-20 21:37:55,994 - INFO - remedylab - Starting app: initializing database and application...
2025-07-20 21:37:55,997 - INFO - remedylab - Database initialized and app setup complete.
2025-07-20 21:37:55,998 - INFO - remedylab - User not logged in. Routing to public page: login
2025-07-20 21:38:20,962 - INFO - remedylab - Starting app: initializing database and application...
2025-07-20 21:38:20,965 - INFO - remedylab - Database initialized and app setup complete.
2025-07-20 21:38:20,965 - INFO - remedylab - User not logged in. Routing to public page: login
2025-07-20 21:38:27,364 - INFO - remedylab - Starting app: initializing database and application...
2025-07-20 21:38:27,368 - INFO - remedylab - Database initialized and app setup complete.
2025-07-20 21:38:27,368 - INFO - remedylab - User not logged in. Routing to public page: login
2025-07-20 21:38:28,737 - INFO - remedylab - Starting app: initializing database and application...
2025-07-20 21:38:28,739 - INFO - remedylab - Database initialized and app setup complete.
2025-07-20 21:38:28,739 - INFO - remedylab - User not logged in. Routing to public page: login
2025-07-20 21:43:10,341 - INFO - remedylab - Starting app: initializing database and application...
2025-07-20 21:43:10,347 - INFO - remedylab - Database initialized and app setup complete.
2025-07-20 21:43:10,353 - INFO - remedylab - User not logged in. Routing to public page: home
2025-07-20 21:43:20,900 - INFO - remedylab - Starting app: initializing database and application...
2025-07-20 21:43:20,904 - INFO - remedylab - Database initialized and app setup complete.
2025-07-20 21:43:20,904 - INFO - remedylab - User not logged in. Routing to public page: home
2025-07-20 21:43:20,998 - INFO - remedylab - Starting app: initializing database and application...
2025-07-20 21:43:21,001 - INFO - remedylab - Database initialized and app setup complete.
2025-07-20 21:43:21,001 - INFO - remedylab - User not logged in. Routing to public page: signup
2025-07-20 21:46:59,705 - INFO - remedylab - Starting app: initializing database and application...
2025-07-20 21:46:59,710 - INFO - remedylab - Database initialized and app setup complete.
2025-07-20 21:46:59,715 - INFO - remedylab - User not logged in. Routing to public page: home
2025-07-20 21:47:01,718 - INFO - remedylab - Starting app: initializing database and application...
2025-07-20 21:47:01,721 - INFO - remedylab - Database initialized and app setup complete.
2025-07-20 21:47:01,721 - INFO - remedylab - User not logged in. Routing to public page: home
2025-07-20 21:47:01,813 - INFO - remedylab - Starting app: initializing database and application...
2025-07-20 21:47:01,815 - INFO - remedylab - Database initialized and app setup complete.
2025-07-20 21:47:01,815 - INFO - remedylab - User not logged in. Routing to public page: signup
2025-07-20 21:57:18,955 - INFO - remedylab - Starting app: initializing database and application...
2025-07-20 21:57:18,961 - INFO - remedylab - Database initialized and app setup complete.
2025-07-20 21:57:18,966 - INFO - remedylab - User not logged in. Routing to public page: home
2025-07-20 21:57:21,035 - INFO - remedylab - Starting app: initializing database and application...
2025-07-20 21:57:21,038 - INFO - remedylab - Database initialized and app setup complete.
2025-07-20 21:57:21,038 - INFO - remedylab - User not logged in. Routing to public page: home
2025-07-20 21:57:21,109 - INFO - remedylab - Starting app: initializing database and application...
2025-07-20 21:57:21,112 - INFO - remedylab - Database initialized and app setup complete.
2025-07-20 21:57:21,113 - INFO - remedylab - User not logged in. Routing to public page: signup
2025-07-20 22:04:35,725 - INFO - remedylab - Starting app: initializing database and application...
2025-07-20 22:04:35,730 - INFO - remedylab - Database initialized and app setup complete.
2025-07-20 22:04:35,732 - INFO - remedylab - User not logged in. Routing to public page: home
2025-07-20 22:04:43,854 - INFO - remedylab - Starting app: initializing database and application...
2025-07-20 22:04:43,857 - INFO - remedylab - Database initialized and app setup complete.
2025-07-20 22:04:43,858 - INFO - remedylab - User not logged in. Routing to public page: home
2025-07-20 22:04:43,967 - INFO - remedylab - Starting app: initializing database and application...
2025-07-20 22:04:43,970 - INFO - remedylab - Database initialized and app setup complete.
2025-07-20 22:04:43,970 - INFO - remedylab - User not logged in. Routing to public page: signup
2025-07-20 22:04:51,376 - INFO - remedylab - Starting app: initializing database and application...
2025-07-20 22:04:51,380 - INFO - remedylab - Database initialized and app setup complete.
2025-07-20 22:04:51,380 - INFO - remedylab - User not logged in. Routing to public page: signup
2025-07-20 22:04:51,491 - INFO - remedylab - Starting app: initializing database and application...
2025-07-20 22:04:51,494 - INFO - remedylab - Database initialized and app setup complete.
2025-07-20 22:04:51,495 - INFO - remedylab - User not logged in. Routing to public page: login
2025-07-20 22:04:56,507 - INFO - remedylab - Starting app: initializing database and application...
2025-07-20 22:04:56,511 - INFO - remedylab - Database initialized and app setup complete.
2025-07-20 22:04:56,511 - INFO - remedylab - User not logged in. Routing to public page: login
2025-07-20 22:04:56,628 - INFO - remedylab - Starting app: initializing database and application...
2025-07-20 22:04:56,631 - INFO - remedylab - Database initialized and app setup complete.
2025-07-20 22:04:56,631 - INFO - remedylab - User not logged in. Routing to public page: home
2025-07-20 22:09:19,202 - INFO - remedylab - Starting app: initializing database and application...
2025-07-20 22:09:19,208 - INFO - remedylab - Database initialized and app setup complete.
2025-07-20 22:09:19,209 - INFO - remedylab - User not logged in. Routing to public page: home
2025-07-20 22:09:24,196 - INFO - remedylab - Starting app: initializing database and application...
2025-07-20 22:09:24,199 - INFO - remedylab - Database initialized and app setup complete.
2025-07-20 22:09:24,199 - INFO - remedylab - User not logged in. Routing to public page: home
2025-07-20 22:09:24,287 - INFO - remedylab - Starting app: initializing database and application...
2025-07-20 22:09:24,289 - INFO - remedylab - Database initialized and app setup complete.
2025-07-20 22:09:24,289 - INFO - remedylab - User not logged in. Routing to public page: signup
2025-07-20 22:10:04,038 - INFO - remedylab - Starting app: initializing database and application...
2025-07-20 22:10:04,044 - INFO - remedylab - Database initialized and app setup complete.
2025-07-20 22:10:04,046 - INFO - remedylab - User not logged in. Routing to public page: home
2025-07-20 22:10:07,752 - INFO - remedylab - Starting app: initializing database and application...
2025-07-20 22:10:07,756 - INFO - remedylab - Database initialized and app setup complete.
2025-07-20 22:10:07,756 - INFO - remedylab - User not logged in. Routing to public page: home
2025-07-20 22:10:07,837 - INFO - remedylab - Starting app: initializing database and application...
2025-07-20 22:10:07,839 - INFO - remedylab - Database initialized and app setup complete.
2025-07-20 22:10:07,839 - INFO - remedylab - User not logged in. Routing to public page: login
2025-07-20 22:10:10,349 - INFO - remedylab - Starting app: initializing database and application...
2025-07-20 22:10:10,353 - INFO - remedylab - Database initialized and app setup complete.
2025-07-20 22:10:10,354 - INFO - remedylab - User not logged in. Routing to public page: login
2025-07-20 22:10:10,456 - INFO - remedylab - Starting app: initializing database and application...
2025-07-20 22:10:10,460 - INFO - remedylab - Database initialized and app setup complete.
2025-07-20 22:10:10,461 - INFO - remedylab - User not logged in. Routing to public page: home
2025-07-20 22:10:11,671 - INFO - remedylab - Starting app: initializing database and application...
2025-07-20 22:10:11,675 - INFO - remedylab - Database initialized and app setup complete.
2025-07-20 22:10:11,675 - INFO - remedylab - User not logged in. Routing to public page: home
2025-07-20 22:10:11,780 - INFO - remedylab - Starting app: initializing database and application...
2025-07-20 22:10:11,786 - INFO - remedylab - Database initialized and app setup complete.
2025-07-20 22:10:11,787 - INFO - remedylab - User not logged in. Routing to public page: signup
